#
# A fatal error has been detected by the Java Runtime Environment:
#
#  EXCEPTION_ACCESS_VIOLATION (0xc0000005) at pc=0x00007ffb14ab9857, pid=9516, tid=5668
#
# JRE version: Java(TM) SE Runtime Environment (13.0.1+9) (build 13.0.1+9)
# Java VM: Java HotSpot(TM) 64-Bit Server VM (13.0.1+9, mixed mode, sharing, tiered, compressed oops, g1 gc, windows-amd64)
# Problematic frame:
# V  [jvm.dll+0x6a9857]
#
# No core dump will be written. Minidumps are not enabled by default on client versions of Windows
#
# If you would like to submit a bug report, please visit:
#   http://bugreport.java.com/bugreport/crash.jsp
#

---------------  S U M M A R Y ------------

Command Line: -agentlib:jdwp=transport=dt_socket,suspend=y,address=localhost:60599 -javaagent:C:\Users\sachin\eclipse\java-2019-09\eclipse\configuration\org.eclipse.osgi\229\0\.cp\lib\javaagent-shaded.jar -Dfile.encoding=Cp1252 test123.test1234

Host: Intel(R) Core(TM) i3-5005U CPU @ 2.00GHz, 4 cores, 7G,  Windows 10 , 64 bit Build 17134 (10.0.17134.753)
Time: Mon Dec 16 23:41:33 2019 India Standard Time elapsed time: 206 seconds (0d 0h 3m 26s)

---------------  T H R E A D  ---------------

Current thread (0x000001dd8415c000):  JavaThread "main" [_thread_in_vm, id=5668, stack(0x000000ba84c00000,0x000000ba84d00000)]

Stack: [0x000000ba84c00000,0x000000ba84d00000],  sp=0x000000ba84cfecd0,  free space=1019k
Native frames: (J=compiled Java code, j=interpreted, Vv=VM code, C=native code)
V  [jvm.dll+0x6a9857]
V  [jvm.dll+0x2d4c40]
V  [jvm.dll+0x37be22]
V  [jvm.dll+0x37b4af]
C  0x000001dd8de3e778

Java frames: (J=compiled Java code, j=interpreted, Vv=VM code)
j  test123.test1234.main([Ljava/lang/String;)V+593
v  ~StubRoutines::call_stub

siginfo: EXCEPTION_ACCESS_VIOLATION (0xc0000005), reading address 0x0000000000000006


Register to memory mapping:

RIP=0x00007ffb14ab9857 jvm.dll
RAX=0x0 is NULL
RBX=0x000000ba84cfed20 is pointing into the stack for thread: 0x000001dd8415c000
RCX=0x000000ba84cfed20 is pointing into the stack for thread: 0x000001dd8415c000
RDX=0x0 is NULL
RSP=0x000000ba84cfecd0 is pointing into the stack for thread: 0x000001dd8415c000
RBP=0x000000ba84cfee60 is pointing into the stack for thread: 0x000001dd8415c000
RSI=0x000001dd8415c000 is a thread
RDI={method} {0x000001dda4a05140} 'main' '([Ljava/lang/String;)V' in 'test123/test1234'
R8 =0x0 is NULL
R9 =0x000001dda4a04370 is pointing into metadata
R10=0x000001dd8de10000 points into unknown readable memory: 06 00 00 00 00 00 00 00
R11={method} {0x000001dda4a05140} 'main' '([Ljava/lang/String;)V' in 'test123/test1234'
R12=0x000001dd8415c970 points into unknown readable memory: 00 00 00 00 00 00 00 00
R13=0x00000000000000b9 is an unknown value
R14=0x000001dd8415c980 points into unknown readable memory: 6f 72 67 2f 6f 70 65 6e
R15=0x0 is NULL


Registers:
RAX=0x0000000000000000, RBX=0x000000ba84cfed20, RCX=0x000000ba84cfed20, RDX=0x0000000000000000
RSP=0x000000ba84cfecd0, RBP=0x000000ba84cfee60, RSI=0x000001dd8415c000, RDI=0x000001dda4a05138
R8 =0x0000000000000000, R9 =0x000001dda4a04370, R10=0x000001dd8de10000, R11=0x000001dda4a05138
R12=0x000001dd8415c970, R13=0x00000000000000b9, R14=0x000001dd8415c980, R15=0x0000000000000000
RIP=0x00007ffb14ab9857, EFLAGS=0x0000000000010246

Top of Stack: (sp=0x000000ba84cfecd0)
0x000000ba84cfecd0:   000001dd8415c000 0000000000000000
0x000000ba84cfece0:   000001dda51e3e88 00007ffb14a0c545
0x000000ba84cfecf0:   000000ba84cfedb0 00007ffb146e4c40
0x000000ba84cfed00:   000000ba84cfee40 00007ffb357fc638
0x000000ba84cfed10:   000001dd8415c000 000001dda440dc90
0x000000ba84cfed20:   00007ffb14c53960 0000000000000000
0x000000ba84cfed30:   0000000000000000 00007ffb00000063
0x000000ba84cfed40:   00000000a51e0000 00007ffb357e38df
0x000000ba84cfed50:   000001dd8404b350 00007ffb1478be22
0x000000ba84cfed60:   000001dd8404b350 000001dd8415c000
0x000000ba84cfed70:   0000000000000251 000000000000003c
0x000000ba84cfed80:   000000ba84cfef00 00007ffb14626106
0x000000ba84cfed90:   000001dda4a05138 000001dd8415c000
0x000000ba84cfeda0:   000001dd8415cd58 000001dda4a05138
0x000000ba84cfedb0:   000000ba84cff0b0 000001dd8de3e732
0x000000ba84cfedc0:   000001dd8de18a90 000001dd00000000 

Instructions: (pc=0x00007ffb14ab9857)
0x00007ffb14ab9757:   b1 22 00 8d 57 36 48 8d 0d fc b1 22 00 e8 37 40
0x00007ffb14ab9767:   ba ff e8 b2 d2 f7 ff 8b 43 10 48 8b 53 08 8d 48
0x00007ffb14ab9777:   01 48 98 89 4b 10 80 7c 10 07 29 74 1c 48 8b cb
0x00007ffb14ab9787:   e8 44 07 00 00 01 43 14 48 63 4b 10 48 8b 53 08
0x00007ffb14ab9797:   80 7c 11 06 29 75 e6 eb 04 48 8b 53 08 48 63 c1
0x00007ffb14ab97a7:   80 7c 10 06 29 74 25 41 b9 29 00 00 00 4c 8d 05
0x00007ffb14ab97b7:   95 b1 22 00 48 8d 0d 9e b1 22 00 41 8d 51 0d e8
0x00007ffb14ab97c7:   d5 3f ba ff e8 50 d2 f7 ff 8b 4b 10 8d 41 01 c7
0x00007ffb14ab97d7:   43 14 ff ff ff ff 48 8b cb 89 43 10 e8 e8 06 00
0x00007ffb14ab97e7:   00 48 8b 43 08 8b 08 c1 e9 10 39 4b 10 7d 3a 48
0x00007ffb14ab97f7:   8b 0d 93 09 3f 00 48 8d 15 9c b1 22 00 e8 07 f7
0x00007ffb14ab9807:   f7 ff 48 8b 15 80 09 3f 00 48 8b 4b 08 e8 77 88
0x00007ffb14ab9817:   04 00 44 8b 43 10 48 8d 15 a0 f6 1b 00 48 8b 0d
0x00007ffb14ab9827:   65 09 3f 00 e8 e0 f6 f7 ff 89 7b 14 48 8b 5c 24
0x00007ffb14ab9837:   30 48 83 c4 20 5f c3 cc cc 40 53 48 83 ec 20 48
0x00007ffb14ab9847:   8b 51 08 33 c0 48 c7 41 10 00 00 00 00 48 8b d9
0x00007ffb14ab9857:   80 7a 06 28 74 26 44 8d 48 28 4c 8d 05 e8 b0 22
0x00007ffb14ab9867:   00 8d 50 36 48 8d 0d ee b0 22 00 e8 29 3f ba ff
0x00007ffb14ab9877:   e8 a4 d1 f7 ff 8b 43 10 48 8b 53 08 8d 48 01 48
0x00007ffb14ab9887:   98 89 4b 10 80 7c 10 07 29 74 1c 48 8b cb e8 36
0x00007ffb14ab9897:   06 00 00 01 43 14 48 63 4b 10 48 8b 53 08 80 7c
0x00007ffb14ab98a7:   11 06 29 75 e6 eb 04 48 8b 53 08 48 63 c1 80 7c
0x00007ffb14ab98b7:   10 06 29 74 25 41 b9 29 00 00 00 4c 8d 05 87 b0
0x00007ffb14ab98c7:   22 00 48 8d 0d 90 b0 22 00 41 8d 51 0d e8 c7 3e
0x00007ffb14ab98d7:   ba ff e8 42 d1 f7 ff 8b 4b 10 8d 41 01 c7 43 14
0x00007ffb14ab98e7:   00 00 00 00 89 43 10 48 83 c4 20 5b c3 cc cc cc
0x00007ffb14ab98f7:   cc cc cc cc cc cc cc cc cc 48 89 5c 24 08 48 89
0x00007ffb14ab9907:   6c 24 10 48 89 74 24 18 57 48 83 ec 20 33 ed 48
0x00007ffb14ab9917:   8b fa 89 69 14 48 8b d9 48 8b f2 48 83 fa ff 0f
0x00007ffb14ab9927:   85 b1 00 00 00 48 8b 51 08 8b c5 89 69 10 80 7a
0x00007ffb14ab9937:   06 28 74 26 44 8d 4e 29 4c 8d 05 0a b0 22 00 8d
0x00007ffb14ab9947:   56 37 48 8d 0d 10 b0 22 00 e8 4b 3e ba ff e8 c6 


Stack slot to memory mapping:
stack at sp + 0 slots: 0x000001dd8415c000 is a thread
stack at sp + 1 slots: 0x0 is NULL
stack at sp + 2 slots: 0x000001dda51e3e88 points into unknown readable memory: a8 cb 0a a6 dd 01 00 00
stack at sp + 3 slots: 0x00007ffb14a0c545 jvm.dll
stack at sp + 4 slots: 0x000000ba84cfedb0 is pointing into the stack for thread: 0x000001dd8415c000
stack at sp + 5 slots: 0x00007ffb146e4c40 jvm.dll
stack at sp + 6 slots: 0x000000ba84cfee40 is pointing into the stack for thread: 0x000001dd8415c000
stack at sp + 7 slots: 0x00007ffb357fc638 jdwp.dll


---------------  P R O C E S S  ---------------

Threads class SMR info:
_java_thread_list=0x000001dda5c36250, length=18, elements={
0x000001dd8415c000, 0x000001dda4591000, 0x000001dda4594000, 0x000001dda45ad000,
0x000001dda45b0000, 0x000001dda45b3800, 0x000001dda45e2000, 0x000001dda4f2c800,
0x000001dda4fdf000, 0x000001dda50ed800, 0x000001dda50be800, 0x000001dda5128800,
0x000001dda51af800, 0x000001dda5abe800, 0x000001dda5b2a000, 0x000001dda5b99000,
0x000001dda5caa000, 0x000001dda5c77800
}

Java Threads: ( => current thread )
=>0x000001dd8415c000 JavaThread "main" [_thread_in_vm, id=5668, stack(0x000000ba84c00000,0x000000ba84d00000)]
  0x000001dda4591000 JavaThread "Reference Handler" daemon [_thread_blocked, id=7916, stack(0x000000ba85300000,0x000000ba85400000)]
  0x000001dda4594000 JavaThread "Finalizer" daemon [_thread_blocked, id=19228, stack(0x000000ba85400000,0x000000ba85500000)]
  0x000001dda45ad000 JavaThread "Signal Dispatcher" daemon [_thread_blocked, id=19004, stack(0x000000ba85500000,0x000000ba85600000)]
  0x000001dda45b0000 JavaThread "Attach Listener" daemon [_thread_blocked, id=15228, stack(0x000000ba85600000,0x000000ba85700000)]
  0x000001dda45b3800 JavaThread "C2 CompilerThread0" daemon [_thread_blocked, id=15644, stack(0x000000ba85700000,0x000000ba85800000)]
  0x000001dda45e2000 JavaThread "C1 CompilerThread0" daemon [_thread_blocked, id=19468, stack(0x000000ba85800000,0x000000ba85900000)]
  0x000001dda4f2c800 JavaThread "Sweeper thread" daemon [_thread_blocked, id=14984, stack(0x000000ba85900000,0x000000ba85a00000)]
  0x000001dda4fdf000 JavaThread "Common-Cleaner" daemon [_thread_blocked, id=14988, stack(0x000000ba85a00000,0x000000ba85b00000)]
  0x000001dda50ed800 JavaThread "JDWP Transport Listener: dt_socket" daemon [_thread_blocked, id=16300, stack(0x000000ba85c00000,0x000000ba85d00000)]
  0x000001dda50be800 JavaThread "JDWP Event Helper Thread" daemon [_thread_blocked, id=20356, stack(0x000000ba85d00000,0x000000ba85e00000)]
  0x000001dda5128800 JavaThread "JDWP Command Reader" daemon [_thread_in_native, id=2316, stack(0x000000ba85e00000,0x000000ba85f00000)]
  0x000001dda51af800 JavaThread "Service Thread" daemon [_thread_blocked, id=13144, stack(0x000000ba85f00000,0x000000ba86000000)]
  0x000001dda5abe800 JavaThread "Exec Default Executor" daemon [_thread_in_native, id=21120, stack(0x000000ba86400000,0x000000ba86500000)]
  0x000001dda5b2a000 JavaThread "Exec Stream Pumper" daemon [_thread_in_native, id=19264, stack(0x000000ba86700000,0x000000ba86800000)]
  0x000001dda5b99000 JavaThread "Exec Stream Pumper" daemon [_thread_in_native, id=21060, stack(0x000000ba86800000,0x000000ba86900000)]
  0x000001dda5caa000 JavaThread "OkHttp ConnectionPool" daemon [_thread_blocked, id=20628, stack(0x000000ba86a00000,0x000000ba86b00000)]
  0x000001dda5c77800 JavaThread "Okio Watchdog" daemon [_thread_blocked, id=15068, stack(0x000000ba86b00000,0x000000ba86c00000)]

Other Threads:
  0x000001dda458a800 VMThread "VM Thread" [stack: 0x000000ba85200000,0x000000ba85300000] [id=17268]
  0x000001dda51ad000 WatcherThread [stack: 0x000000ba86000000,0x000000ba86100000] [id=20992]
  0x000001dd8419f800 GCTaskThread "GC Thread#0" [stack: 0x000000ba84d00000,0x000000ba84e00000] [id=6476]
  0x000001dda57bc000 GCTaskThread "GC Thread#1" [stack: 0x000000ba86100000,0x000000ba86200000] [id=5580]
  0x000001dda5964800 GCTaskThread "GC Thread#2" [stack: 0x000000ba86200000,0x000000ba86300000] [id=20932]
  0x000001dd841b1800 ConcurrentGCThread "G1 Main Marker" [stack: 0x000000ba84e00000,0x000000ba84f00000] [id=5300]
  0x000001dd841b3000 ConcurrentGCThread "G1 Conc#0" [stack: 0x000000ba84f00000,0x000000ba85000000] [id=18720]
  0x000001dd8422e800 ConcurrentGCThread "G1 Refine#0" [stack: 0x000000ba85000000,0x000000ba85100000] [id=19752]
  0x000001dda5166000 ConcurrentGCThread "G1 Refine#1" [stack: 0x000000ba86300000,0x000000ba86400000] [id=6392]
  0x000001dda4406800 ConcurrentGCThread "G1 Young RemSet Sampling" [stack: 0x000000ba85100000,0x000000ba85200000] [id=16804]

Threads with active compile tasks:

VM state:not at safepoint (normal execution)

VM Mutex/Monitor currently owned by a thread: None

Heap address: 0x0000000081200000, size: 2030 MB, Compressed Oops mode: 32-bit
Narrow klass base: 0x0000000800000000, Narrow klass shift: 3
Compressed class space size: 1073741824 Address: 0x0000000800b40000

Heap:
 garbage-first heap   total 131072K, used 18303K [0x0000000081200000, 0x0000000100000000)
  region size 1024K, 16 young (16384K), 1 survivors (1024K)
 Metaspace       used 10702K, capacity 11226K, committed 11520K, reserved 1058816K
  class space    used 1281K, capacity 1467K, committed 1536K, reserved 1048576K
Heap Regions: E=young(eden), S=young(survivor), O=old, HS=humongous(starts), HC=humongous(continues), CS=collection set, F=free, A=archive, TAMS=top-at-mark-start (previous, next)
|   0|0x0000000081200000, 0x0000000081300000, 0x0000000081300000|100%| O|  |TAMS 0x0000000081200000, 0x0000000081200000| Untracked 
|   1|0x0000000081300000, 0x0000000081400000, 0x0000000081400000|100%| O|  |TAMS 0x0000000081300000, 0x0000000081300000| Untracked 
|   2|0x0000000081400000, 0x0000000081500000, 0x0000000081500000|100%| O|  |TAMS 0x0000000081400000, 0x0000000081400000| Untracked 
|   3|0x0000000081500000, 0x000000008157c600, 0x0000000081600000| 48%| O|  |TAMS 0x0000000081500000, 0x0000000081500000| Untracked 
|   4|0x0000000081600000, 0x0000000081600000, 0x0000000081700000|  0%| F|  |TAMS 0x0000000081600000, 0x0000000081600000| Untracked 
|   5|0x0000000081700000, 0x0000000081700000, 0x0000000081800000|  0%| F|  |TAMS 0x0000000081700000, 0x0000000081700000| Untracked 
|   6|0x0000000081800000, 0x0000000081800000, 0x0000000081900000|  0%| F|  |TAMS 0x0000000081800000, 0x0000000081800000| Untracked 
|   7|0x0000000081900000, 0x0000000081900000, 0x0000000081a00000|  0%| F|  |TAMS 0x0000000081900000, 0x0000000081900000| Untracked 
|   8|0x0000000081a00000, 0x0000000081a00000, 0x0000000081b00000|  0%| F|  |TAMS 0x0000000081a00000, 0x0000000081a00000| Untracked 
|   9|0x0000000081b00000, 0x0000000081b00000, 0x0000000081c00000|  0%| F|  |TAMS 0x0000000081b00000, 0x0000000081b00000| Untracked 
|  10|0x0000000081c00000, 0x0000000081c00000, 0x0000000081d00000|  0%| F|  |TAMS 0x0000000081c00000, 0x0000000081c00000| Untracked 
|  11|0x0000000081d00000, 0x0000000081d00000, 0x0000000081e00000|  0%| F|  |TAMS 0x0000000081d00000, 0x0000000081d00000| Untracked 
|  12|0x0000000081e00000, 0x0000000081e00000, 0x0000000081f00000|  0%| F|  |TAMS 0x0000000081e00000, 0x0000000081e00000| Untracked 
|  13|0x0000000081f00000, 0x0000000081f00000, 0x0000000082000000|  0%| F|  |TAMS 0x0000000081f00000, 0x0000000081f00000| Untracked 
|  14|0x0000000082000000, 0x0000000082000000, 0x0000000082100000|  0%| F|  |TAMS 0x0000000082000000, 0x0000000082000000| Untracked 
|  15|0x0000000082100000, 0x0000000082100000, 0x0000000082200000|  0%| F|  |TAMS 0x0000000082100000, 0x0000000082100000| Untracked 
|  16|0x0000000082200000, 0x0000000082200000, 0x0000000082300000|  0%| F|  |TAMS 0x0000000082200000, 0x0000000082200000| Untracked 
|  17|0x0000000082300000, 0x0000000082300000, 0x0000000082400000|  0%| F|  |TAMS 0x0000000082300000, 0x0000000082300000| Untracked 
|  18|0x0000000082400000, 0x0000000082400000, 0x0000000082500000|  0%| F|  |TAMS 0x0000000082400000, 0x0000000082400000| Untracked 
|  19|0x0000000082500000, 0x0000000082500000, 0x0000000082600000|  0%| F|  |TAMS 0x0000000082500000, 0x0000000082500000| Untracked 
|  20|0x0000000082600000, 0x0000000082600000, 0x0000000082700000|  0%| F|  |TAMS 0x0000000082600000, 0x0000000082600000| Untracked 
|  21|0x0000000082700000, 0x0000000082700000, 0x0000000082800000|  0%| F|  |TAMS 0x0000000082700000, 0x0000000082700000| Untracked 
|  22|0x0000000082800000, 0x0000000082800000, 0x0000000082900000|  0%| F|  |TAMS 0x0000000082800000, 0x0000000082800000| Untracked 
|  23|0x0000000082900000, 0x0000000082900000, 0x0000000082a00000|  0%| F|  |TAMS 0x0000000082900000, 0x0000000082900000| Untracked 
|  24|0x0000000082a00000, 0x0000000082a00000, 0x0000000082b00000|  0%| F|  |TAMS 0x0000000082a00000, 0x0000000082a00000| Untracked 
|  25|0x0000000082b00000, 0x0000000082b00000, 0x0000000082c00000|  0%| F|  |TAMS 0x0000000082b00000, 0x0000000082b00000| Untracked 
|  26|0x0000000082c00000, 0x0000000082c00000, 0x0000000082d00000|  0%| F|  |TAMS 0x0000000082c00000, 0x0000000082c00000| Untracked 
|  27|0x0000000082d00000, 0x0000000082d00000, 0x0000000082e00000|  0%| F|  |TAMS 0x0000000082d00000, 0x0000000082d00000| Untracked 
|  28|0x0000000082e00000, 0x0000000082e00000, 0x0000000082f00000|  0%| F|  |TAMS 0x0000000082e00000, 0x0000000082e00000| Untracked 
|  29|0x0000000082f00000, 0x0000000082f00000, 0x0000000083000000|  0%| F|  |TAMS 0x0000000082f00000, 0x0000000082f00000| Untracked 
|  30|0x0000000083000000, 0x0000000083000000, 0x0000000083100000|  0%| F|  |TAMS 0x0000000083000000, 0x0000000083000000| Untracked 
|  31|0x0000000083100000, 0x0000000083100000, 0x0000000083200000|  0%| F|  |TAMS 0x0000000083100000, 0x0000000083100000| Untracked 
|  32|0x0000000083200000, 0x0000000083200000, 0x0000000083300000|  0%| F|  |TAMS 0x0000000083200000, 0x0000000083200000| Untracked 
|  33|0x0000000083300000, 0x0000000083300000, 0x0000000083400000|  0%| F|  |TAMS 0x0000000083300000, 0x0000000083300000| Untracked 
|  34|0x0000000083400000, 0x0000000083400000, 0x0000000083500000|  0%| F|  |TAMS 0x0000000083400000, 0x0000000083400000| Untracked 
|  35|0x0000000083500000, 0x0000000083500000, 0x0000000083600000|  0%| F|  |TAMS 0x0000000083500000, 0x0000000083500000| Untracked 
|  36|0x0000000083600000, 0x0000000083600000, 0x0000000083700000|  0%| F|  |TAMS 0x0000000083600000, 0x0000000083600000| Untracked 
|  37|0x0000000083700000, 0x0000000083700000, 0x0000000083800000|  0%| F|  |TAMS 0x0000000083700000, 0x0000000083700000| Untracked 
|  38|0x0000000083800000, 0x0000000083800000, 0x0000000083900000|  0%| F|  |TAMS 0x0000000083800000, 0x0000000083800000| Untracked 
|  39|0x0000000083900000, 0x0000000083900000, 0x0000000083a00000|  0%| F|  |TAMS 0x0000000083900000, 0x0000000083900000| Untracked 
|  40|0x0000000083a00000, 0x0000000083a00000, 0x0000000083b00000|  0%| F|  |TAMS 0x0000000083a00000, 0x0000000083a00000| Untracked 
|  41|0x0000000083b00000, 0x0000000083b00000, 0x0000000083c00000|  0%| F|  |TAMS 0x0000000083b00000, 0x0000000083b00000| Untracked 
|  42|0x0000000083c00000, 0x0000000083c00000, 0x0000000083d00000|  0%| F|  |TAMS 0x0000000083c00000, 0x0000000083c00000| Untracked 
|  43|0x0000000083d00000, 0x0000000083d00000, 0x0000000083e00000|  0%| F|  |TAMS 0x0000000083d00000, 0x0000000083d00000| Untracked 
|  44|0x0000000083e00000, 0x0000000083e00000, 0x0000000083f00000|  0%| F|  |TAMS 0x0000000083e00000, 0x0000000083e00000| Untracked 
|  45|0x0000000083f00000, 0x0000000083f00000, 0x0000000084000000|  0%| F|  |TAMS 0x0000000083f00000, 0x0000000083f00000| Untracked 
|  46|0x0000000084000000, 0x0000000084000000, 0x0000000084100000|  0%| F|  |TAMS 0x0000000084000000, 0x0000000084000000| Untracked 
|  47|0x0000000084100000, 0x0000000084100000, 0x0000000084200000|  0%| F|  |TAMS 0x0000000084100000, 0x0000000084100000| Untracked 
|  48|0x0000000084200000, 0x0000000084200000, 0x0000000084300000|  0%| F|  |TAMS 0x0000000084200000, 0x0000000084200000| Untracked 
|  49|0x0000000084300000, 0x0000000084300000, 0x0000000084400000|  0%| F|  |TAMS 0x0000000084300000, 0x0000000084300000| Untracked 
|  50|0x0000000084400000, 0x0000000084400000, 0x0000000084500000|  0%| F|  |TAMS 0x0000000084400000, 0x0000000084400000| Untracked 
|  51|0x0000000084500000, 0x0000000084500000, 0x0000000084600000|  0%| F|  |TAMS 0x0000000084500000, 0x0000000084500000| Untracked 
|  52|0x0000000084600000, 0x0000000084600000, 0x0000000084700000|  0%| F|  |TAMS 0x0000000084600000, 0x0000000084600000| Untracked 
|  53|0x0000000084700000, 0x0000000084700000, 0x0000000084800000|  0%| F|  |TAMS 0x0000000084700000, 0x0000000084700000| Untracked 
|  54|0x0000000084800000, 0x0000000084800000, 0x0000000084900000|  0%| F|  |TAMS 0x0000000084800000, 0x0000000084800000| Untracked 
|  55|0x0000000084900000, 0x0000000084900000, 0x0000000084a00000|  0%| F|  |TAMS 0x0000000084900000, 0x0000000084900000| Untracked 
|  56|0x0000000084a00000, 0x0000000084a00000, 0x0000000084b00000|  0%| F|  |TAMS 0x0000000084a00000, 0x0000000084a00000| Untracked 
|  57|0x0000000084b00000, 0x0000000084b00000, 0x0000000084c00000|  0%| F|  |TAMS 0x0000000084b00000, 0x0000000084b00000| Untracked 
|  58|0x0000000084c00000, 0x0000000084c00000, 0x0000000084d00000|  0%| F|  |TAMS 0x0000000084c00000, 0x0000000084c00000| Untracked 
|  59|0x0000000084d00000, 0x0000000084d00000, 0x0000000084e00000|  0%| F|  |TAMS 0x0000000084d00000, 0x0000000084d00000| Untracked 
|  60|0x0000000084e00000, 0x0000000084e00000, 0x0000000084f00000|  0%| F|  |TAMS 0x0000000084e00000, 0x0000000084e00000| Untracked 
|  61|0x0000000084f00000, 0x0000000084f00000, 0x0000000085000000|  0%| F|  |TAMS 0x0000000084f00000, 0x0000000084f00000| Untracked 
|  62|0x0000000085000000, 0x0000000085000000, 0x0000000085100000|  0%| F|  |TAMS 0x0000000085000000, 0x0000000085000000| Untracked 
|  63|0x0000000085100000, 0x0000000085100000, 0x0000000085200000|  0%| F|  |TAMS 0x0000000085100000, 0x0000000085100000| Untracked 
|  64|0x0000000085200000, 0x0000000085200000, 0x0000000085300000|  0%| F|  |TAMS 0x0000000085200000, 0x0000000085200000| Untracked 
|  65|0x0000000085300000, 0x0000000085300000, 0x0000000085400000|  0%| F|  |TAMS 0x0000000085300000, 0x0000000085300000| Untracked 
|  66|0x0000000085400000, 0x0000000085400000, 0x0000000085500000|  0%| F|  |TAMS 0x0000000085400000, 0x0000000085400000| Untracked 
|  67|0x0000000085500000, 0x0000000085500000, 0x0000000085600000|  0%| F|  |TAMS 0x0000000085500000, 0x0000000085500000| Untracked 
|  68|0x0000000085600000, 0x0000000085600000, 0x0000000085700000|  0%| F|  |TAMS 0x0000000085600000, 0x0000000085600000| Untracked 
|  69|0x0000000085700000, 0x0000000085700000, 0x0000000085800000|  0%| F|  |TAMS 0x0000000085700000, 0x0000000085700000| Untracked 
|  70|0x0000000085800000, 0x0000000085800000, 0x0000000085900000|  0%| F|  |TAMS 0x0000000085800000, 0x0000000085800000| Untracked 
|  71|0x0000000085900000, 0x0000000085900000, 0x0000000085a00000|  0%| F|  |TAMS 0x0000000085900000, 0x0000000085900000| Untracked 
|  72|0x0000000085a00000, 0x0000000085a00000, 0x0000000085b00000|  0%| F|  |TAMS 0x0000000085a00000, 0x0000000085a00000| Untracked 
|  73|0x0000000085b00000, 0x0000000085b00000, 0x0000000085c00000|  0%| F|  |TAMS 0x0000000085b00000, 0x0000000085b00000| Untracked 
|  74|0x0000000085c00000, 0x0000000085c00000, 0x0000000085d00000|  0%| F|  |TAMS 0x0000000085c00000, 0x0000000085c00000| Untracked 
|  75|0x0000000085d00000, 0x0000000085d00000, 0x0000000085e00000|  0%| F|  |TAMS 0x0000000085d00000, 0x0000000085d00000| Untracked 
|  76|0x0000000085e00000, 0x0000000085e00000, 0x0000000085f00000|  0%| F|  |TAMS 0x0000000085e00000, 0x0000000085e00000| Untracked 
|  77|0x0000000085f00000, 0x0000000085f00000, 0x0000000086000000|  0%| F|  |TAMS 0x0000000085f00000, 0x0000000085f00000| Untracked 
|  78|0x0000000086000000, 0x0000000086000000, 0x0000000086100000|  0%| F|  |TAMS 0x0000000086000000, 0x0000000086000000| Untracked 
|  79|0x0000000086100000, 0x0000000086100000, 0x0000000086200000|  0%| F|  |TAMS 0x0000000086100000, 0x0000000086100000| Untracked 
|  80|0x0000000086200000, 0x0000000086200000, 0x0000000086300000|  0%| F|  |TAMS 0x0000000086200000, 0x0000000086200000| Untracked 
|  81|0x0000000086300000, 0x0000000086300000, 0x0000000086400000|  0%| F|  |TAMS 0x0000000086300000, 0x0000000086300000| Untracked 
|  82|0x0000000086400000, 0x0000000086400000, 0x0000000086500000|  0%| F|  |TAMS 0x0000000086400000, 0x0000000086400000| Untracked 
|  83|0x0000000086500000, 0x0000000086500000, 0x0000000086600000|  0%| F|  |TAMS 0x0000000086500000, 0x0000000086500000| Untracked 
|  84|0x0000000086600000, 0x0000000086600000, 0x0000000086700000|  0%| F|  |TAMS 0x0000000086600000, 0x0000000086600000| Untracked 
|  85|0x0000000086700000, 0x0000000086700000, 0x0000000086800000|  0%| F|  |TAMS 0x0000000086700000, 0x0000000086700000| Untracked 
|  86|0x0000000086800000, 0x0000000086800000, 0x0000000086900000|  0%| F|  |TAMS 0x0000000086800000, 0x0000000086800000| Untracked 
|  87|0x0000000086900000, 0x0000000086900000, 0x0000000086a00000|  0%| F|  |TAMS 0x0000000086900000, 0x0000000086900000| Untracked 
|  88|0x0000000086a00000, 0x0000000086a00000, 0x0000000086b00000|  0%| F|  |TAMS 0x0000000086a00000, 0x0000000086a00000| Untracked 
|  89|0x0000000086b00000, 0x0000000086b00000, 0x0000000086c00000|  0%| F|  |TAMS 0x0000000086b00000, 0x0000000086b00000| Untracked 
|  90|0x0000000086c00000, 0x0000000086c00000, 0x0000000086d00000|  0%| F|  |TAMS 0x0000000086c00000, 0x0000000086c00000| Untracked 
|  91|0x0000000086d00000, 0x0000000086d00000, 0x0000000086e00000|  0%| F|  |TAMS 0x0000000086d00000, 0x0000000086d00000| Untracked 
|  92|0x0000000086e00000, 0x0000000086e00000, 0x0000000086f00000|  0%| F|  |TAMS 0x0000000086e00000, 0x0000000086e00000| Untracked 
|  93|0x0000000086f00000, 0x0000000086f00000, 0x0000000087000000|  0%| F|  |TAMS 0x0000000086f00000, 0x0000000086f00000| Untracked 
|  94|0x0000000087000000, 0x0000000087000000, 0x0000000087100000|  0%| F|  |TAMS 0x0000000087000000, 0x0000000087000000| Untracked 
|  95|0x0000000087100000, 0x0000000087100000, 0x0000000087200000|  0%| F|  |TAMS 0x0000000087100000, 0x0000000087100000| Untracked 
|  96|0x0000000087200000, 0x0000000087200000, 0x0000000087300000|  0%| F|  |TAMS 0x0000000087200000, 0x0000000087200000| Untracked 
|  97|0x0000000087300000, 0x0000000087300000, 0x0000000087400000|  0%| F|  |TAMS 0x0000000087300000, 0x0000000087300000| Untracked 
|  98|0x0000000087400000, 0x0000000087400000, 0x0000000087500000|  0%| F|  |TAMS 0x0000000087400000, 0x0000000087400000| Untracked 
|  99|0x0000000087500000, 0x0000000087500000, 0x0000000087600000|  0%| F|  |TAMS 0x0000000087500000, 0x0000000087500000| Untracked 
| 100|0x0000000087600000, 0x0000000087600000, 0x0000000087700000|  0%| F|  |TAMS 0x0000000087600000, 0x0000000087600000| Untracked 
| 101|0x0000000087700000, 0x0000000087700000, 0x0000000087800000|  0%| F|  |TAMS 0x0000000087700000, 0x0000000087700000| Untracked 
| 102|0x0000000087800000, 0x0000000087800000, 0x0000000087900000|  0%| F|  |TAMS 0x0000000087800000, 0x0000000087800000| Untracked 
| 103|0x0000000087900000, 0x0000000087900000, 0x0000000087a00000|  0%| F|  |TAMS 0x0000000087900000, 0x0000000087900000| Untracked 
| 104|0x0000000087a00000, 0x0000000087a00000, 0x0000000087b00000|  0%| F|  |TAMS 0x0000000087a00000, 0x0000000087a00000| Untracked 
| 105|0x0000000087b00000, 0x0000000087b00000, 0x0000000087c00000|  0%| F|  |TAMS 0x0000000087b00000, 0x0000000087b00000| Untracked 
| 106|0x0000000087c00000, 0x0000000087c00000, 0x0000000087d00000|  0%| F|  |TAMS 0x0000000087c00000, 0x0000000087c00000| Untracked 
| 107|0x0000000087d00000, 0x0000000087d00000, 0x0000000087e00000|  0%| F|  |TAMS 0x0000000087d00000, 0x0000000087d00000| Untracked 
| 108|0x0000000087e00000, 0x0000000087e00000, 0x0000000087f00000|  0%| F|  |TAMS 0x0000000087e00000, 0x0000000087e00000| Untracked 
| 109|0x0000000087f00000, 0x0000000087f00000, 0x0000000088000000|  0%| F|  |TAMS 0x0000000087f00000, 0x0000000087f00000| Untracked 
| 110|0x0000000088000000, 0x0000000088000000, 0x0000000088100000|  0%| F|  |TAMS 0x0000000088000000, 0x0000000088000000| Untracked 
| 111|0x0000000088100000, 0x0000000088100000, 0x0000000088200000|  0%| F|  |TAMS 0x0000000088100000, 0x0000000088100000| Untracked 
| 112|0x0000000088200000, 0x00000000882624f8, 0x0000000088300000| 38%| E|  |TAMS 0x0000000088200000, 0x0000000088200000| Complete 
| 113|0x0000000088300000, 0x0000000088400000, 0x0000000088400000|100%| E|CS|TAMS 0x0000000088300000, 0x0000000088300000| Complete 
| 114|0x0000000088400000, 0x0000000088500000, 0x0000000088500000|100%| E|CS|TAMS 0x0000000088400000, 0x0000000088400000| Complete 
| 115|0x0000000088500000, 0x0000000088600000, 0x0000000088600000|100%| E|CS|TAMS 0x0000000088500000, 0x0000000088500000| Complete 
| 116|0x0000000088600000, 0x0000000088700000, 0x0000000088700000|100%| E|CS|TAMS 0x0000000088600000, 0x0000000088600000| Complete 
| 117|0x0000000088700000, 0x0000000088800000, 0x0000000088800000|100%| E|CS|TAMS 0x0000000088700000, 0x0000000088700000| Complete 
| 118|0x0000000088800000, 0x0000000088900000, 0x0000000088900000|100%| E|CS|TAMS 0x0000000088800000, 0x0000000088800000| Complete 
| 119|0x0000000088900000, 0x0000000088a00000, 0x0000000088a00000|100%| E|CS|TAMS 0x0000000088900000, 0x0000000088900000| Complete 
| 120|0x0000000088a00000, 0x0000000088b00000, 0x0000000088b00000|100%| E|CS|TAMS 0x0000000088a00000, 0x0000000088a00000| Complete 
| 121|0x0000000088b00000, 0x0000000088c00000, 0x0000000088c00000|100%| E|CS|TAMS 0x0000000088b00000, 0x0000000088b00000| Complete 
| 122|0x0000000088c00000, 0x0000000088d00000, 0x0000000088d00000|100%| E|CS|TAMS 0x0000000088c00000, 0x0000000088c00000| Complete 
| 123|0x0000000088d00000, 0x0000000088d63730, 0x0000000088e00000| 38%| S|CS|TAMS 0x0000000088d00000, 0x0000000088d00000| Complete 
| 124|0x0000000088e00000, 0x0000000088f00000, 0x0000000088f00000|100%| E|CS|TAMS 0x0000000088e00000, 0x0000000088e00000| Complete 
| 125|0x0000000088f00000, 0x0000000089000000, 0x0000000089000000|100%| E|CS|TAMS 0x0000000088f00000, 0x0000000088f00000| Complete 
| 126|0x0000000089000000, 0x0000000089100000, 0x0000000089100000|100%| E|CS|TAMS 0x0000000089000000, 0x0000000089000000| Complete 
| 127|0x0000000089100000, 0x0000000089200000, 0x0000000089200000|100%| E|CS|TAMS 0x0000000089100000, 0x0000000089100000| Complete 

Card table byte_map: [0x000001dd9d830000,0x000001dd9dc30000] _byte_map_base: 0x000001dd9d427000

Marking Bits (Prev, Next): (CMBitMap*) 0x000001dd841a0398, (CMBitMap*) 0x000001dd841a03d8
 Prev Bits: [0x000001dd9e030000, 0x000001dd9ffe8000)
 Next Bits: [0x000001dd9fff0000, 0x000001dda1fa8000)

Polling page: 0x000001dd83fb0000

Metaspace:

Usage:
  Non-class:      9.53 MB capacity,     9.20 MB ( 97%) used,   294.01 KB (  3%) free+waste,    43.88 KB ( <1%) overhead. 
      Class:      1.43 MB capacity,     1.25 MB ( 87%) used,   163.30 KB ( 11%) free+waste,    22.44 KB (  2%) overhead. 
       Both:     10.96 MB capacity,    10.45 MB ( 95%) used,   457.31 KB (  4%) free+waste,    66.31 KB ( <1%) overhead. 

Virtual space:
  Non-class space:       10.00 MB reserved,       9.75 MB ( 98%) committed 
      Class space:        1.00 GB reserved,       1.50 MB ( <1%) committed 
             Both:        1.01 GB reserved,      11.25 MB (  1%) committed 

Chunk freelists:
   Non-Class:  33.00 KB
       Class:  5.00 KB
        Both:  38.00 KB

MaxMetaspaceSize: 17179869184.00 GB
CompressedClassSpaceSize: 1.00 GB

CodeHeap 'non-profiled nmethods': size=120064Kb used=563Kb max_used=563Kb free=119500Kb
 bounds [0x000001dd958d0000, 0x000001dd95b40000, 0x000001dd9ce10000]
CodeHeap 'profiled nmethods': size=120000Kb used=3453Kb max_used=3453Kb free=116547Kb
 bounds [0x000001dd8e3a0000, 0x000001dd8e700000, 0x000001dd958d0000]
CodeHeap 'non-nmethods': size=5696Kb used=1298Kb max_used=1316Kb free=4398Kb
 bounds [0x000001dd8de10000, 0x000001dd8e080000, 0x000001dd8e3a0000]
 total_blobs=2741 nmethods=1672 adapters=385
 compilation: enabled
              stopped_count=0, restarted_count=0
 full_count=0

Compilation events (20 events):
Event: 30.227 Thread 0x000001dda45e2000 1663       1       java.util.logging.Level::intValue (5 bytes)
Event: 30.227 Thread 0x000001dda45e2000 nmethod 1663 0x000001dd9595c090 code [0x000001dd9595c220, 0x000001dd9595c358]
Event: 30.304 Thread 0x000001dda45e2000 1664       3       okhttp3.Headers$Builder::addLenient (27 bytes)
Event: 30.305 Thread 0x000001dda45e2000 nmethod 1664 0x000001dd8e6fcb90 code [0x000001dd8e6fcd80, 0x000001dd8e6fd300]
Event: 30.305 Thread 0x000001dda45e2000 1665       3       java.lang.StringBuilder::append (8 bytes)
Event: 30.305 Thread 0x000001dda45e2000 nmethod 1665 0x000001dd8e6fd510 code [0x000001dd8e6fd6c0, 0x000001dd8e6fd910]
Event: 30.307 Thread 0x000001dda45e2000 1666       1       java.net.URI::getScheme (5 bytes)
Event: 30.308 Thread 0x000001dda45e2000 nmethod 1666 0x000001dd9595c410 code [0x000001dd9595c5a0, 0x000001dd9595c6d8]
Event: 32.595 Thread 0x000001dda45e2000 1667       3       java.io.ByteArrayOutputStream::<init> (7 bytes)
Event: 32.595 Thread 0x000001dda45e2000 nmethod 1667 0x000001dd8e6fda10 code [0x000001dd8e6fdbc0, 0x000001dd8e6fdd90]
Event: 32.596 Thread 0x000001dda45e2000 1668       3       java.lang.StringCoding::decodeUTF8 (45 bytes)
Event: 32.597 Thread 0x000001dda45e2000 nmethod 1668 0x000001dd8e6fde10 code [0x000001dd8e6fe000, 0x000001dd8e6fe520]
Event: 32.599 Thread 0x000001dda45e2000 1669       1       okhttp3.Request::method (5 bytes)
Event: 32.600 Thread 0x000001dda45e2000 nmethod 1669 0x000001dd9595c790 code [0x000001dd9595c920, 0x000001dd9595ca58]
Event: 32.614 Thread 0x000001dda45e2000 1670       1       okhttp3.Response::code (5 bytes)
Event: 32.614 Thread 0x000001dda45e2000 nmethod 1670 0x000001dd9595cb10 code [0x000001dd9595cca0, 0x000001dd9595cdd8]
Event: 32.614 Thread 0x000001dda45e2000 1671       3       java.util.ArrayList::toArray (57 bytes)
Event: 32.615 Thread 0x000001dda45e2000 nmethod 1671 0x000001dd8e6fe690 code [0x000001dd8e6fe880, 0x000001dd8e6feea0]
Event: 32.615 Thread 0x000001dda45e2000 1672       3       java.util.HashMap::isEmpty (13 bytes)
Event: 32.616 Thread 0x000001dda45e2000 nmethod 1672 0x000001dd8e6ff010 code [0x000001dd8e6ff1c0, 0x000001dd8e6ff398]

GC Heap History (4 events):
Event: 1.114 GC heap before
{Heap before GC invocations=0 (full 0):
 garbage-first heap   total 131072K, used 14336K [0x0000000081200000, 0x0000000100000000)
  region size 1024K, 14 young (14336K), 0 survivors (0K)
 Metaspace       used 5779K, capacity 6054K, committed 6144K, reserved 1056768K
  class space    used 630K, capacity 723K, committed 768K, reserved 1048576K
}
Event: 1.123 GC heap after
{Heap after GC invocations=1 (full 0):
 garbage-first heap   total 131072K, used 3721K [0x0000000081200000, 0x0000000100000000)
  region size 1024K, 2 young (2048K), 2 survivors (2048K)
 Metaspace       used 5779K, capacity 6054K, committed 6144K, reserved 1056768K
  class space    used 630K, capacity 723K, committed 768K, reserved 1048576K
}
Event: 2.166 GC heap before
{Heap before GC invocations=1 (full 0):
 garbage-first heap   total 131072K, used 7817K [0x0000000081200000, 0x0000000100000000)
  region size 1024K, 6 young (6144K), 2 survivors (2048K)
 Metaspace       used 7260K, capacity 7534K, committed 7552K, reserved 1056768K
  class space    used 813K, capacity 894K, committed 896K, reserved 1048576K
}
Event: 2.172 GC heap after
{Heap after GC invocations=2 (full 0):
 garbage-first heap   total 131072K, used 3967K [0x0000000081200000, 0x0000000100000000)
  region size 1024K, 1 young (1024K), 1 survivors (1024K)
 Metaspace       used 7260K, capacity 7534K, committed 7552K, reserved 1056768K
  class space    used 813K, capacity 894K, committed 896K, reserved 1048576K
}

Deoptimization events (20 events):
Event: 30.224 Thread 0x000001dd8415c000 DEOPT PACKING pc=0x000001dd8e6d84fc sp=0x000000ba84cfe380
Event: 30.224 Thread 0x000001dd8415c000 DEOPT UNPACKING pc=0x000001dd8de5964e sp=0x000000ba84cfd910 mode 1
Event: 30.224 Thread 0x000001dd8415c000 DEOPT PACKING pc=0x000001dd8e6d84fc sp=0x000000ba84cfe500
Event: 30.224 Thread 0x000001dd8415c000 DEOPT UNPACKING pc=0x000001dd8de5964e sp=0x000000ba84cfda90 mode 1
Event: 30.224 Thread 0x000001dd8415c000 DEOPT PACKING pc=0x000001dd8e6d84fc sp=0x000000ba84cfe480
Event: 30.224 Thread 0x000001dd8415c000 DEOPT UNPACKING pc=0x000001dd8de5964e sp=0x000000ba84cfda10 mode 1
Event: 30.225 Thread 0x000001dd8415c000 DEOPT PACKING pc=0x000001dd8e6d84fc sp=0x000000ba84cfe400
Event: 30.225 Thread 0x000001dd8415c000 DEOPT UNPACKING pc=0x000001dd8de5964e sp=0x000000ba84cfd990 mode 1
Event: 30.225 Thread 0x000001dd8415c000 DEOPT PACKING pc=0x000001dd8e6d84fc sp=0x000000ba84cfe380
Event: 30.225 Thread 0x000001dd8415c000 DEOPT UNPACKING pc=0x000001dd8de5964e sp=0x000000ba84cfd910 mode 1
Event: 30.225 Thread 0x000001dd8415c000 DEOPT PACKING pc=0x000001dd8e6d84fc sp=0x000000ba84cfe500
Event: 30.225 Thread 0x000001dd8415c000 DEOPT UNPACKING pc=0x000001dd8de5964e sp=0x000000ba84cfda90 mode 1
Event: 30.225 Thread 0x000001dd8415c000 DEOPT PACKING pc=0x000001dd8e6d84fc sp=0x000000ba84cfe480
Event: 30.225 Thread 0x000001dd8415c000 DEOPT UNPACKING pc=0x000001dd8de5964e sp=0x000000ba84cfda10 mode 1
Event: 30.225 Thread 0x000001dd8415c000 DEOPT PACKING pc=0x000001dd8e6d84fc sp=0x000000ba84cfe400
Event: 30.225 Thread 0x000001dd8415c000 DEOPT UNPACKING pc=0x000001dd8de5964e sp=0x000000ba84cfd990 mode 1
Event: 30.225 Thread 0x000001dd8415c000 DEOPT PACKING pc=0x000001dd8e6d84fc sp=0x000000ba84cfe380
Event: 30.225 Thread 0x000001dd8415c000 DEOPT UNPACKING pc=0x000001dd8de5964e sp=0x000000ba84cfd910 mode 1
Event: 32.596 Thread 0x000001dd8415c000 DEOPT PACKING pc=0x000001dd8e40311d sp=0x000000ba84cfe8f0
Event: 32.596 Thread 0x000001dd8415c000 DEOPT UNPACKING pc=0x000001dd8de5964e sp=0x000000ba84cfdd50 mode 0

Classes unloaded (0 events):
No events

Classes redefined (2 events):
Event: 116.418 Thread 0x000001dda458a800 redefined class name=test123.test1234, count=1
Event: 206.191 Thread 0x000001dda458a800 redefined class name=test123.test1234, count=2

Internal exceptions (20 events):
Event: 1.061 Thread 0x000001dd8415c000 Exception <a 'java/lang/NoSuchMethodError'{0x00000000885761c0}: 'int java.lang.invoke.DirectMethodHandle$Holder.invokeStaticInit(java.lang.Object, java.lang.Object)'> (0x00000000885761c0) 
thrown [t:/workspace/open/src/hotspot/share/interpreter/linkResolver.cpp, line 767]
Event: 1.443 Thread 0x000001dd8415c000 Exception <a 'java/lang/NoSuchMethodError'{0x00000000891d7fb8}: 'java.lang.Object java.lang.invoke.DirectMethodHandle$Holder.invokeStaticInit(java.lang.Object, java.lang.Object, int, int, int, int)'> (0x00000000891d7fb8) 
thrown [t:/workspace/open/src/hotspot/share/interpreter/linkResolver.cpp, line 767]
Event: 1.574 Thread 0x000001dda5abe800 Exception <a 'java/lang/NoSuchMethodError'{0x0000000088f90348}: 'void java.lang.invoke.DirectMethodHandle$Holder.invokeStatic(java.lang.Object, long)'> (0x0000000088f90348) 
thrown [t:/workspace/open/src/hotspot/share/interpreter/linkResolver.cpp, line 767]
Event: 1.586 Thread 0x000001dda5abe800 Exception <a 'java/lang/NoSuchMethodError'{0x0000000088fa5240}: 'java.lang.Object java.lang.invoke.DirectMethodHandle$Holder.invokeStaticInit(java.lang.Object, java.lang.Object, long, java.lang.Object)'> (0x0000000088fa5240) 
thrown [t:/workspace/open/src/hotspot/share/interpreter/linkResolver.cpp, line 767]
Event: 1.589 Thread 0x000001dda5abe800 Exception <a 'java/lang/NoSuchMethodError'{0x0000000088faae08}: 'java.lang.Object java.lang.invoke.Invokers$Holder.linkToTargetMethod(java.lang.Object, long, java.lang.Object)'> (0x0000000088faae08) 
thrown [t:/workspace/open/src/hotspot/share/interpreter/linkResolver.cpp, line 767]
Event: 2.093 Thread 0x000001dda5bb0800 Exception <a 'java/net/SocketException'{0x0000000088fca870}: Socket is not connected: shutdown> (0x0000000088fca870) 
thrown [t:/workspace/open/src/hotspot/share/prims/jni.cpp, line 619]
Event: 2.132 Thread 0x000001dd8415c000 Exception <a 'java/lang/NoSuchMethodError'{0x0000000088e21f70}: 'java.lang.Object java.lang.invoke.DirectMethodHandle$Holder.invokeInterface(java.lang.Object, java.lang.Object, java.lang.Object)'> (0x0000000088e21f70) 
thrown [t:/workspace/open/src/hotspot/share/interpreter/linkResolver.cpp, line 767]
Event: 2.132 Thread 0x000001dd8415c000 Exception <a 'java/lang/IncompatibleClassChangeError'{0x0000000088e24d38}: Found class java.lang.Object, but interface was expected> (0x0000000088e24d38) 
thrown [t:/workspace/open/src/hotspot/share/interpreter/linkResolver.cpp, line 833]
Event: 2.135 Thread 0x000001dd8415c000 Exception <a 'java/lang/NoSuchMethodError'{0x0000000088e2ce08}: 'int java.lang.invoke.DirectMethodHandle$Holder.invokeSpecialIFC(java.lang.Object, java.lang.Object, java.lang.Object, java.lang.Object)'> (0x0000000088e2ce08) 
thrown [t:/workspace/open/src/hotspot/share/interpreter/linkResolver.cpp, line 767]
Event: 2.137 Thread 0x000001dd8415c000 Exception <a 'java/lang/NoSuchMethodError'{0x0000000088e34b40}: 'java.lang.Object java.lang.invoke.DirectMethodHandle$Holder.invokeInterface(java.lang.Object, java.lang.Object, java.lang.Object, java.lang.Object)'> (0x0000000088e34b40) 
thrown [t:/workspace/open/src/hotspot/share/interpreter/linkResolver.cpp, line 767]
Event: 2.144 Thread 0x000001dd8415c000 Exception <a 'java/lang/NoSuchMethodError'{0x0000000088e57ba0}: 'java.lang.Object java.lang.invoke.DirectMethodHandle$Holder.invokeVirtual(java.lang.Object, java.lang.Object, java.lang.Object)'> (0x0000000088e57ba0) 
thrown [t:/workspace/open/src/hotspot/share/interpreter/linkResolver.cpp, line 767]
Event: 2.182 Thread 0x000001dd8415c000 Exception <a 'java/lang/NoSuchMethodError'{0x000000008911eaa0}: 'int java.lang.invoke.DirectMethodHandle$Holder.invokeVirtual(java.lang.Object, java.lang.Object)'> (0x000000008911eaa0) 
thrown [t:/workspace/open/src/hotspot/share/interpreter/linkResolver.cpp, line 767]
Event: 2.183 Thread 0x000001dd8415c000 Exception <a 'java/lang/NoSuchMethodError'{0x0000000089123ee8}: 'double java.lang.invoke.DirectMethodHandle$Holder.invokeVirtual(java.lang.Object, java.lang.Object)'> (0x0000000089123ee8) 
thrown [t:/workspace/open/src/hotspot/share/interpreter/linkResolver.cpp, line 767]
Event: 2.184 Thread 0x000001dd8415c000 Exception <a 'java/lang/NoSuchMethodError'{0x00000000891295e8}: 'float java.lang.invoke.DirectMethodHandle$Holder.invokeVirtual(java.lang.Object, java.lang.Object)'> (0x00000000891295e8) 
thrown [t:/workspace/open/src/hotspot/share/interpreter/linkResolver.cpp, line 767]
Event: 2.185 Thread 0x000001dd8415c000 Exception <a 'java/lang/NoSuchMethodError'{0x0000000089130e20}: 'long java.lang.invoke.DirectMethodHandle$Holder.invokeVirtual(java.lang.Object, java.lang.Object)'> (0x0000000089130e20) 
thrown [t:/workspace/open/src/hotspot/share/interpreter/linkResolver.cpp, line 767]
Event: 2.328 Thread 0x000001dd8415c000 Exception <a 'java/lang/NoSuchMethodError'{0x0000000088e82640}: 'void java.lang.invoke.DirectMethodHandle$Holder.invokeStatic(java.lang.Object, java.lang.Object, java.lang.Object, java.lang.Object, java.lang.Object)'> (0x0000000088e82640) 
thrown [t:/workspace/open/src/hotspot/share/interpreter/linkResolver.cpp, line 767]
Event: 2.455 Thread 0x000001dd8415c000 Exception <a 'java/lang/NoSuchMethodError'{0x0000000088ae8598}: 'void java.lang.invoke.DirectMethodHandle$Holder.invokeStatic(java.lang.Object, java.lang.Object, java.lang.Object, java.lang.Object)'> (0x0000000088ae8598) 
thrown [t:/workspace/open/src/hotspot/share/interpreter/linkResolver.cpp, line 767]
Event: 4.594 Thread 0x000001dd8415c000 Exception <a 'java/lang/NoSuchMethodError'{0x000000008885f930}: 'java.lang.Object java.lang.invoke.DirectMethodHandle$Holder.invokeSpecialIFC(java.lang.Object, java.lang.Object, java.lang.Object)'> (0x000000008885f930) 
thrown [t:/workspace/open/src/hotspot/share/interpreter/linkResolver.cpp, line 767]
Event: 4.638 Thread 0x000001dd8415c000 Exception <a 'java/lang/ClassNotFoundException'{0x00000000887143e8}: sun/util/logging/resources/spi/loggingProvider> (0x00000000887143e8) 
thrown [t:/workspace/open/src/hotspot/share/classfile/systemDictionary.cpp, line 232]
Event: 125.516 Thread 0x000001dd8415c000 Exception <a 'java/lang/ClassNotFoundException'{0x00000000883e88f0}: sun/misc/SharedSecrets> (0x00000000883e88f0) 
thrown [t:/workspace/open/src/hotspot/share/classfile/systemDictionary.cpp, line 232]

Events (20 events):
Event: 206.245 Executing VM operation: ChangeBreakpoints
Event: 206.247 Executing VM operation: ChangeBreakpoints done
Event: 206.247 Executing VM operation: ChangeBreakpoints
Event: 206.248 Executing VM operation: ChangeBreakpoints done
Event: 206.250 Executing VM operation: GetFrameCount
Event: 206.250 Executing VM operation: GetFrameCount done
Event: 206.250 Executing VM operation: GetStackTrace
Event: 206.251 Executing VM operation: GetStackTrace done
Event: 206.253 Executing VM operation: GetFrameCount
Event: 206.254 Executing VM operation: GetFrameCount done
Event: 206.254 Executing VM operation: SetFramePop
Event: 206.254 Executing VM operation: SetFramePop done
Event: 206.254 Executing VM operation: GetFrameLocation
Event: 206.254 Executing VM operation: GetFrameLocation done
Event: 206.254 Executing VM operation: GetCurrentLocation
Event: 206.254 Executing VM operation: GetCurrentLocation done
Event: 206.254 Executing VM operation: ChangeSingleStep
Event: 206.254 Executing VM operation: ChangeSingleStep done
Event: 206.255 Executing VM operation: GetFrameLocation
Event: 206.255 Executing VM operation: GetFrameLocation done


Dynamic libraries:
0x00007ff6563f0000 - 0x00007ff6563ff000 	C:\Program Files\Java\jdk-13.0.1\bin\javaw.exe
0x00007ffb50540000 - 0x00007ffb50721000 	C:\WINDOWS\SYSTEM32\ntdll.dll
0x00007ffb4dd20000 - 0x00007ffb4ddd1000 	C:\WINDOWS\System32\KERNEL32.DLL
0x00007ffb4ced0000 - 0x00007ffb4d143000 	C:\WINDOWS\System32\KERNELBASE.dll
0x00007ffb4cae0000 - 0x00007ffb4cbd8000 	C:\WINDOWS\System32\ucrtbase.dll
0x00007ffb3cdf0000 - 0x00007ffb3ce08000 	C:\Program Files\Java\jdk-13.0.1\bin\jli.dll
0x00007ffb37780000 - 0x00007ffb37795000 	C:\Program Files\Java\jdk-13.0.1\bin\VCRUNTIME140.dll
0x00007ffb50000000 - 0x00007ffb500a1000 	C:\WINDOWS\System32\ADVAPI32.dll
0x00007ffb4f6d0000 - 0x00007ffb4f76e000 	C:\WINDOWS\System32\msvcrt.dll
0x00007ffb4f230000 - 0x00007ffb4f28b000 	C:\WINDOWS\System32\sechost.dll
0x00007ffb4da30000 - 0x00007ffb4db54000 	C:\WINDOWS\System32\RPCRT4.dll
0x00007ffb4f290000 - 0x00007ffb4f421000 	C:\WINDOWS\System32\USER32.dll
0x00007ffb4d150000 - 0x00007ffb4d170000 	C:\WINDOWS\System32\win32u.dll
0x00007ffb4ff30000 - 0x00007ffb4ff58000 	C:\WINDOWS\System32\GDI32.dll
0x00007ffb4c940000 - 0x00007ffb4cad1000 	C:\WINDOWS\System32\gdi32full.dll
0x00007ffb4ce30000 - 0x00007ffb4cecf000 	C:\WINDOWS\System32\msvcp_win.dll
0x00007ffb41650000 - 0x00007ffb418b9000 	C:\WINDOWS\WinSxS\amd64_microsoft.windows.common-controls_6595b64144ccf1df_6.0.17134.1184_none_d403e8b37c8ca406\COMCTL32.dll
0x00007ffb4fbf0000 - 0x00007ffb4ff11000 	C:\WINDOWS\System32\combase.dll
0x00007ffb42820000 - 0x00007ffb4282a000 	C:\WINDOWS\SYSTEM32\VERSION.dll
0x00007ffb4d930000 - 0x00007ffb4d9a9000 	C:\WINDOWS\System32\bcryptPrimitives.dll
0x00007ffb4f5d0000 - 0x00007ffb4f5fd000 	C:\WINDOWS\System32\IMM32.DLL
0x00007ffb35810000 - 0x00007ffb358ab000 	C:\Program Files\Java\jdk-13.0.1\bin\msvcp140.dll
0x00007ffb14410000 - 0x00007ffb14f76000 	C:\Program Files\Java\jdk-13.0.1\bin\server\jvm.dll
0x00007ffb50500000 - 0x00007ffb50508000 	C:\WINDOWS\System32\PSAPI.DLL
0x00007ffb37840000 - 0x00007ffb37849000 	C:\WINDOWS\SYSTEM32\WSOCK32.dll
0x00007ffb49140000 - 0x00007ffb49163000 	C:\WINDOWS\SYSTEM32\WINMM.dll
0x00007ffb4f600000 - 0x00007ffb4f66c000 	C:\WINDOWS\System32\WS2_32.dll
0x00007ffb49070000 - 0x00007ffb4909a000 	C:\WINDOWS\SYSTEM32\WINMMBASE.dll
0x00007ffb4c8f0000 - 0x00007ffb4c939000 	C:\WINDOWS\System32\cfgmgr32.dll
0x00007ffb4c860000 - 0x00007ffb4c871000 	C:\WINDOWS\System32\kernel.appcore.dll
0x00007ffb37830000 - 0x00007ffb37840000 	C:\Program Files\Java\jdk-13.0.1\bin\verify.dll
0x00007ffb4b1d0000 - 0x00007ffb4b399000 	C:\WINDOWS\SYSTEM32\DBGHELP.DLL
0x00007ffb46fe0000 - 0x00007ffb47009000 	C:\WINDOWS\SYSTEM32\dbgcore.DLL
0x00007ffb36030000 - 0x00007ffb36056000 	C:\Program Files\Java\jdk-13.0.1\bin\java.dll
0x00007ffb357d0000 - 0x00007ffb35808000 	C:\Program Files\Java\jdk-13.0.1\bin\jdwp.dll
0x00007ffb48c00000 - 0x00007ffb48c0e000 	C:\Program Files\Java\jdk-13.0.1\bin\instrument.dll
0x00007ffb36ae0000 - 0x00007ffb36af7000 	C:\Program Files\Java\jdk-13.0.1\bin\zip.dll
0x00007ffb37820000 - 0x00007ffb3782a000 	C:\Program Files\Java\jdk-13.0.1\bin\jimage.dll
0x00007ffb4dde0000 - 0x00007ffb4f225000 	C:\WINDOWS\System32\SHELL32.dll
0x00007ffb4f430000 - 0x00007ffb4f4d9000 	C:\WINDOWS\System32\shcore.dll
0x00007ffb4d220000 - 0x00007ffb4d930000 	C:\WINDOWS\System32\windows.storage.dll
0x00007ffb4f670000 - 0x00007ffb4f6c1000 	C:\WINDOWS\System32\shlwapi.dll
0x00007ffb4c880000 - 0x00007ffb4c89f000 	C:\WINDOWS\System32\profapi.dll
0x00007ffb4c8a0000 - 0x00007ffb4c8ec000 	C:\WINDOWS\System32\powrprof.dll
0x00007ffb4c830000 - 0x00007ffb4c83a000 	C:\WINDOWS\System32\FLTLIB.DLL
0x00007ffb3cdb0000 - 0x00007ffb3cdbb000 	C:\Program Files\Java\jdk-13.0.1\bin\dt_socket.dll
0x00007ffb4c0a0000 - 0x00007ffb4c106000 	C:\WINDOWS\system32\mswsock.dll
0x00007ffb4bde0000 - 0x00007ffb4be9e000 	C:\WINDOWS\SYSTEM32\DNSAPI.dll
0x00007ffb4ff20000 - 0x00007ffb4ff28000 	C:\WINDOWS\System32\NSI.dll
0x00007ffb4bda0000 - 0x00007ffb4bdd8000 	C:\WINDOWS\SYSTEM32\IPHLPAPI.DLL
0x00007ffb45d10000 - 0x00007ffb45d1a000 	C:\Windows\System32\rasadhlp.dll
0x00007ffb45130000 - 0x00007ffb451a2000 	C:\WINDOWS\System32\fwpuclnt.dll
0x00007ffb4c380000 - 0x00007ffb4c3a5000 	C:\WINDOWS\SYSTEM32\bcrypt.dll
0x00007ffb3ce90000 - 0x00007ffb3cea9000 	C:\Program Files\Java\jdk-13.0.1\bin\net.dll
0x00007ffb48150000 - 0x00007ffb4822d000 	C:\WINDOWS\SYSTEM32\WINHTTP.dll
0x00007ffb37850000 - 0x00007ffb37863000 	C:\Program Files\Java\jdk-13.0.1\bin\nio.dll
0x00007ffb3cf30000 - 0x00007ffb3cf3e000 	C:\Program Files\Java\jdk-13.0.1\bin\sunmscapi.dll
0x00007ffb4cc40000 - 0x00007ffb4ce22000 	C:\WINDOWS\System32\CRYPT32.dll
0x00007ffb4c840000 - 0x00007ffb4c852000 	C:\WINDOWS\System32\MSASN1.dll
0x00007ffb4c350000 - 0x00007ffb4c376000 	C:\WINDOWS\SYSTEM32\ncrypt.dll
0x00007ffb4c310000 - 0x00007ffb4c346000 	C:\WINDOWS\SYSTEM32\NTASN1.dll
0x00007ffb37700000 - 0x00007ffb37725000 	C:\Program Files\Java\jdk-13.0.1\bin\sunec.dll
0x00007ffb4c250000 - 0x00007ffb4c267000 	C:\WINDOWS\SYSTEM32\CRYPTSP.dll
0x00007ffb4bc00000 - 0x00007ffb4bc33000 	C:\WINDOWS\system32\rsaenh.dll
0x00007ffb4c760000 - 0x00007ffb4c788000 	C:\WINDOWS\SYSTEM32\USERENV.dll
0x00007ffb4c270000 - 0x00007ffb4c27b000 	C:\WINDOWS\SYSTEM32\CRYPTBASE.dll
0x00007ffb471e0000 - 0x00007ffb471f6000 	C:\WINDOWS\SYSTEM32\dhcpcsvc6.DLL
0x00007ffb47240000 - 0x00007ffb4725a000 	C:\WINDOWS\SYSTEM32\dhcpcsvc.DLL
0x00007ffb40250000 - 0x00007ffb40266000 	C:\WINDOWS\system32\napinsp.dll
0x00007ffb40230000 - 0x00007ffb4024a000 	C:\WINDOWS\system32\pnrpnsp.dll
0x00007ffb485a0000 - 0x00007ffb485b9000 	C:\WINDOWS\system32\NLAapi.dll
0x00007ffb42c20000 - 0x00007ffb42c2e000 	C:\WINDOWS\System32\winrnr.dll

dbghelp: loaded successfully - version: 4.0.5 - missing functions: none
symbol engine: initialized successfully - sym options: 0x614 - pdb path: .;C:\Program Files\Java\jdk-13.0.1\bin;C:\WINDOWS\SYSTEM32;C:\WINDOWS\WinSxS\amd64_microsoft.windows.common-controls_6595b64144ccf1df_6.0.17134.1184_none_d403e8b37c8ca406;C:\Program Files\Java\jdk-13.0.1\bin\server

VM Arguments:
jvm_args: -agentlib:jdwp=transport=dt_socket,suspend=y,address=localhost:60599 -javaagent:C:\Users\sachin\eclipse\java-2019-09\eclipse\configuration\org.eclipse.osgi\229\0\.cp\lib\javaagent-shaded.jar -Dfile.encoding=Cp1252 
java_command: test123.test1234
java_class_path (initial): C:\Users\sachin\eclipse-workspace\test123\bin;E:\Anil\Automation Que\selenium-java-3.141.59\client-combined-3.141.59.jar;E:\Anil\Automation Que\selenium-java-3.141.59\client-combined-3.141.59-sources.jar;E:\Anil\Automation Que\selenium-java-3.141.59\libs\byte-buddy-1.8.15.jar;E:\Anil\Automation Que\selenium-java-3.141.59\libs\commons-exec-1.3.jar;E:\Anil\Automation Que\selenium-java-3.141.59\libs\guava-25.0-jre.jar;E:\Anil\Automation Que\selenium-java-3.141.59\libs\okhttp-3.11.0.jar;E:\Anil\Automation Que\selenium-java-3.141.59\libs\okio-1.14.0.jar
Launcher Type: SUN_STANDARD

[Global flags]
     intx CICompilerCount                          = 3                                         {product} {ergonomic}
     uint ConcGCThreads                            = 1                                         {product} {ergonomic}
     uint G1ConcRefinementThreads                  = 4                                         {product} {ergonomic}
   size_t G1HeapRegionSize                         = 1048576                                   {product} {ergonomic}
    uintx GCDrainStackTargetSize                   = 64                                        {product} {ergonomic}
   size_t InitialHeapSize                          = 134217728                                 {product} {ergonomic}
   size_t MarkStackSize                            = 4194304                                   {product} {ergonomic}
   size_t MaxHeapSize                              = 2128609280                                {product} {ergonomic}
   size_t MaxNewSize                               = 1277165568                                {product} {ergonomic}
   size_t MinHeapDeltaBytes                        = 1048576                                   {product} {ergonomic}
   size_t MinHeapSize                              = 8388608                                   {product} {ergonomic}
    uintx NonNMethodCodeHeapSize                   = 5830732                                {pd product} {ergonomic}
    uintx NonProfiledCodeHeapSize                  = 122913754                              {pd product} {ergonomic}
    uintx ProfiledCodeHeapSize                     = 122913754                              {pd product} {ergonomic}
    uintx ReservedCodeCacheSize                    = 251658240                              {pd product} {ergonomic}
     bool SegmentedCodeCache                       = true                                      {product} {ergonomic}
   size_t SoftMaxHeapSize                          = 2128609280                             {manageable} {ergonomic}
     bool UseCompressedClassPointers               = true                                 {lp64_product} {ergonomic}
     bool UseCompressedOops                        = true                                 {lp64_product} {ergonomic}
     bool UseG1GC                                  = true                                      {product} {ergonomic}
     bool UseLargePagesIndividualAllocation        = false                                  {pd product} {ergonomic}

Logging:
Log output configuration:
 #0: stdout all=warning uptime,level,tags
 #1: stderr all=off uptime,level,tags

Environment Variables:
PATH=C:/Program Files/Java/jdk-13.0.1/bin/server;C:/Program Files/Java/jdk-13.0.1/bin;C:\Program Files (x86)\Google\Chrome\Application;C:\ProgramData\Oracle\Java\javapath;C:\WINDOWS\system32;C:\WINDOWS;C:\WINDOWS\System32\Wbem;C:\WINDOWS\System32\WindowsPowerShell\v1.0\;C:\Program Files\Git\cmd;C:\Program Files\dotnet\;C:\flyway-5.0.2;C:\WINDOWS\System32\OpenSSH\;C:\Program Files\Microsoft SQL Server\130\Tools\Binn\;C:\Program Files\Microsoft SQL Server\Client SDK\ODBC\170\Tools\Binn\;;C:\Program Files\Microsoft VS Code\bin;C:\Program Files (x86)\Sophos\Sophos SSL VPN Client\bin;C:\Users\sachin\AppData\Local\Microsoft\WindowsApps;C:\Users\sachin\Downloads;
USERNAME=sachin
OS=Windows_NT
PROCESSOR_IDENTIFIER=Intel64 Family 6 Model 61 Stepping 4, GenuineIntel



---------------  S Y S T E M  ---------------

OS: Windows 10 , 64 bit Build 17134 (10.0.17134.753)

CPU:total 4 (initial active 4) (2 cores per cpu, 2 threads per core) family 6 model 61 stepping 4, cmov, cx8, fxsr, mmx, sse, sse2, sse3, ssse3, sse4.1, sse4.2, popcnt, avx, avx2, aes, clmul, erms, 3dnowpref, lzcnt, ht, tsc, tscinvbit, bmi1, bmi2, adx, fma

Memory: 4k page, system-wide physical 8115M (1566M free)
TotalPageFile size 15881M (AvailPageFile size 2900M)
current process WorkingSet (physical memory assigned to process): 75M, peak: 79M
current process commit charge ("private bytes"): 219M, peak: 224M

vm_info: Java HotSpot(TM) 64-Bit Server VM (13.0.1+9) for windows-amd64 JRE (13.0.1+9), built on Oct  6 2019 12:37:49 by "mach5one" with unknown MS VC++:1916

END.
